<?xml version="1.0" encoding="utf-8"?><testsuites name="pytest tests"><testsuite name="pytest" errors="0" failures="0" skipped="0" tests="10" time="4.331" timestamp="2026-06-28T21:24:49.539000+00:00" hostname="agent-env-7e599488-db73-4363-83a5-503b1245f40a"><testcase classname="tests.test_backend" name="test_root" time="0.311" /><testcase classname="tests.test_backend" name="test_testimonials" time="0.099" /><testcase classname="tests.test_backend" name="test_contact" time="0.098" /><testcase classname="tests.test_backend" name="test_lead_magnet" time="0.086" /><testcase classname="tests.test_backend" name="test_newsletter_idempotent" time="0.171" /><testcase classname="tests.test_backend" name="test_tutor_application" time="0.086" /><testcase classname="tests.test_backend" name="test_checkout_invalid_package" time="0.094" /><testcase classname="tests.test_backend" name="test_checkout_session_valid" time="1.427" /><testcase classname="tests.test_backend" name="test_checkout_status_repeated_no_credit" time="1.312" /><testcase classname="tests.test_backend" name="test_webhook_empty_body_400" time="0.067" /></testsuite></testsuites>